2018-03-01 17:06:11.0292|INFO|Microsoft.AspNetCore.Hosting.Internal.WebHost|Request starting HTTP/1.1 GET http://localhost:49870/  
2018-03-01 17:06:11.3005|INFO|Microsoft.AspNetCore.Hosting.Internal.WebHost|Request finished in 283.0828ms 404 
2018-03-01 17:06:11.3230|INFO|Microsoft.AspNetCore.Hosting.Internal.WebHost|Request starting HTTP/1.1 GET http://localhost:49870/favicon.ico  
2018-03-01 17:06:11.3339|INFO|Microsoft.AspNetCore.Hosting.Internal.WebHost|Request finished in 7.8876ms 404 
2018-03-01 17:06:30.9197|INFO|Microsoft.AspNetCore.Hosting.Internal.WebHost|Request starting HTTP/1.1 GET http://localhost:49870/api/yelp/GetBusiness?lat=37.786882&lng=-122.399972&categories=health application/json 
2018-03-01 17:06:31.0311|INFO|Microsoft.AspNetCore.Authentication.JwtBearer.JwtBearerHandler|Failed to validate the token eyJhbGciOiJIUzI1NiIsInR5cCI6IkpXVCJ9.eyJzdWIiOiJ2YW56cDNAdGVzdC5jb20iLCJqdGkiOiJhZDcyYmNkNC0zMDU5LTQxMTItYWQ0MC0zM2RlNzczNjgxODMiLCJTdXBlclVzZXIiOiJUcnVlIiwiZXhwIjoxNTIxMjQwNzkzLCJpc3MiOiJodHRwOi8vcHJvZHVjdGlvblVybC5jb20vIiwiYXVkIjoiaHR0cDovL3Byb2R1Y3Rpb25VcmwuY29tLyJ9.jqbwfmGJiyZQOnBftJMTv2QP3YiAWWzBH0OK9BALzJc.
2018-03-01 17:06:31.0311|INFO|Microsoft.AspNetCore.Authentication.JwtBearer.JwtBearerHandler|Bearer was not authenticated. Failure message: IDX10214: Audience validation failed. Audiences: 'http://productionUrl.com/'. Did not match: validationParameters.ValidAudience: 'http://localhost:49870/' or validationParameters.ValidAudiences: 'null'.
2018-03-01 17:06:31.1156|INFO|Microsoft.AspNetCore.Authentication.JwtBearer.JwtBearerHandler|Bearer was not authenticated. Failure message: IDX10214: Audience validation failed. Audiences: 'http://productionUrl.com/'. Did not match: validationParameters.ValidAudience: 'http://localhost:49870/' or validationParameters.ValidAudiences: 'null'.
2018-03-01 17:06:31.1234|INFO|Microsoft.AspNetCore.Authorization.DefaultAuthorizationService|Authorization failed for user: (null).
2018-03-01 17:06:31.1234|INFO|Microsoft.AspNetCore.Mvc.Internal.ControllerActionInvoker|Authorization failed for the request at filter 'Microsoft.AspNetCore.Mvc.Authorization.AuthorizeFilter'.
2018-03-01 17:06:31.1234|INFO|Microsoft.AspNetCore.Mvc.ChallengeResult|Executing ChallengeResult with authentication schemes (Bearer).
2018-03-01 17:06:31.1234|INFO|Microsoft.AspNetCore.Authentication.JwtBearer.JwtBearerHandler|AuthenticationScheme: Bearer was challenged.
2018-03-01 17:06:31.1439|INFO|Microsoft.AspNetCore.Mvc.Internal.ControllerActionInvoker|Executed action PoliceTracker.API.Controllers.YelpController.GetBusiness (PoliceTracker.API) in 27.2801ms
2018-03-01 17:06:31.1439|INFO|Microsoft.AspNetCore.Hosting.Internal.WebHost|Request finished in 226.7766ms 401 
2018-03-01 17:06:50.1543|INFO|Microsoft.AspNetCore.Hosting.Internal.WebHost|Request starting HTTP/1.1 POST http://localhost:49870/api/auth/token application/json 62
2018-03-01 17:06:50.1758|INFO|Microsoft.EntityFrameworkCore.Infrastructure|Entity Framework Core 2.0.1-rtm-125 initialized 'PoliceTrackerContext' using provider 'Microsoft.EntityFrameworkCore.Sqlite' with options: None
2018-03-01 17:06:50.1758|INFO|Microsoft.EntityFrameworkCore.Database.Command|Executed DbCommand (0ms) [Parameters=[], CommandType='Text', CommandTimeout='30']
PRAGMA foreign_keys=ON;
2018-03-01 17:06:50.1897|INFO|Microsoft.EntityFrameworkCore.Database.Command|Executed DbCommand (0ms) [Parameters=[], CommandType='Text', CommandTimeout='30']
PRAGMA foreign_keys=ON;
2018-03-01 17:06:50.1897|INFO|Microsoft.EntityFrameworkCore.Database.Command|Executed DbCommand (0ms) [Parameters=[], CommandType='Text', CommandTimeout='30']
SELECT COUNT(*) FROM "sqlite_master" WHERE "type" = 'table' AND "rootpage" IS NOT NULL;
2018-03-01 17:06:50.2762|INFO|Microsoft.AspNetCore.Mvc.Internal.ControllerActionInvoker|Executing action method PoliceTracker.Controllers.AccountController.Issue (PoliceTracker.API) with arguments (PoliceTracker.Models.UserCredentialDto) - ModelState is Valid
2018-03-01 17:06:50.4017|INFO|Microsoft.EntityFrameworkCore.Database.Command|Executed DbCommand (0ms) [Parameters=[], CommandType='Text', CommandTimeout='30']
PRAGMA foreign_keys=ON;
2018-03-01 17:06:50.4179|INFO|Microsoft.EntityFrameworkCore.Database.Command|Executed DbCommand (3ms) [Parameters=[@__normalizedUserName_0='?'], CommandType='Text', CommandTimeout='30']
SELECT "u"."Id", "u"."AccessFailedCount", "u"."ConcurrencyStamp", "u"."Discriminator", "u"."Email", "u"."EmailConfirmed", "u"."LockoutEnabled", "u"."LockoutEnd", "u"."NormalizedEmail", "u"."NormalizedUserName", "u"."PasswordHash", "u"."PhoneNumber", "u"."PhoneNumberConfirmed", "u"."SecurityStamp", "u"."TwoFactorEnabled", "u"."UserName", "u"."FirstName", "u"."Gender", "u"."LastName"
FROM "AspNetUsers" AS "u"
WHERE ("u"."Discriminator" = 'CustomUser') AND ("u"."NormalizedUserName" = @__normalizedUserName_0)
LIMIT 1
2018-03-01 17:06:50.4571|INFO|Microsoft.AspNetCore.Mvc.StatusCodeResult|Executing HttpStatusCodeResult, setting HTTP status code 404
2018-03-01 17:06:50.4571|INFO|Microsoft.AspNetCore.Mvc.Internal.ControllerActionInvoker|Executed action PoliceTracker.Controllers.AccountController.Issue (PoliceTracker.API) in 294.4053ms
2018-03-01 17:06:50.4692|INFO|Microsoft.AspNetCore.Hosting.Internal.WebHost|Request finished in 313.3161ms 404 
2018-03-01 17:07:02.7764|INFO|Microsoft.AspNetCore.Hosting.Internal.WebHost|Request starting HTTP/1.1 POST http://localhost:49870/api/auth/token application/json 61
2018-03-01 17:07:02.7802|INFO|Microsoft.EntityFrameworkCore.Infrastructure|Entity Framework Core 2.0.1-rtm-125 initialized 'PoliceTrackerContext' using provider 'Microsoft.EntityFrameworkCore.Sqlite' with options: None
2018-03-01 17:07:02.7802|INFO|Microsoft.EntityFrameworkCore.Database.Command|Executed DbCommand (0ms) [Parameters=[], CommandType='Text', CommandTimeout='30']
PRAGMA foreign_keys=ON;
2018-03-01 17:07:02.7802|INFO|Microsoft.EntityFrameworkCore.Database.Command|Executed DbCommand (0ms) [Parameters=[], CommandType='Text', CommandTimeout='30']
PRAGMA foreign_keys=ON;
2018-03-01 17:07:02.7802|INFO|Microsoft.EntityFrameworkCore.Database.Command|Executed DbCommand (1ms) [Parameters=[], CommandType='Text', CommandTimeout='30']
SELECT COUNT(*) FROM "sqlite_master" WHERE "type" = 'table' AND "rootpage" IS NOT NULL;
2018-03-01 17:07:02.8007|INFO|Microsoft.AspNetCore.Mvc.Internal.ControllerActionInvoker|Executing action method PoliceTracker.Controllers.AccountController.Issue (PoliceTracker.API) with arguments (PoliceTracker.Models.UserCredentialDto) - ModelState is Valid
2018-03-01 17:07:02.8007|INFO|Microsoft.EntityFrameworkCore.Database.Command|Executed DbCommand (0ms) [Parameters=[], CommandType='Text', CommandTimeout='30']
PRAGMA foreign_keys=ON;
2018-03-01 17:07:02.8110|INFO|Microsoft.EntityFrameworkCore.Database.Command|Executed DbCommand (0ms) [Parameters=[@__normalizedUserName_0='?'], CommandType='Text', CommandTimeout='30']
SELECT "u"."Id", "u"."AccessFailedCount", "u"."ConcurrencyStamp", "u"."Discriminator", "u"."Email", "u"."EmailConfirmed", "u"."LockoutEnabled", "u"."LockoutEnd", "u"."NormalizedEmail", "u"."NormalizedUserName", "u"."PasswordHash", "u"."PhoneNumber", "u"."PhoneNumberConfirmed", "u"."SecurityStamp", "u"."TwoFactorEnabled", "u"."UserName", "u"."FirstName", "u"."Gender", "u"."LastName"
FROM "AspNetUsers" AS "u"
WHERE ("u"."Discriminator" = 'CustomUser') AND ("u"."NormalizedUserName" = @__normalizedUserName_0)
LIMIT 1
2018-03-01 17:07:02.8110|INFO|Microsoft.AspNetCore.Mvc.StatusCodeResult|Executing HttpStatusCodeResult, setting HTTP status code 404
2018-03-01 17:07:02.8110|INFO|Microsoft.AspNetCore.Mvc.Internal.ControllerActionInvoker|Executed action PoliceTracker.Controllers.AccountController.Issue (PoliceTracker.API) in 37.3826ms
2018-03-01 17:07:02.8110|INFO|Microsoft.AspNetCore.Hosting.Internal.WebHost|Request finished in 43.3823ms 404 
2018-03-01 17:07:35.0058|INFO|Microsoft.AspNetCore.Hosting.Internal.WebHost|Request starting HTTP/1.1 POST http://localhost:49870/api/auth/token application/json 62
2018-03-01 17:07:35.0058|INFO|Microsoft.EntityFrameworkCore.Infrastructure|Entity Framework Core 2.0.1-rtm-125 initialized 'PoliceTrackerContext' using provider 'Microsoft.EntityFrameworkCore.Sqlite' with options: None
2018-03-01 17:07:35.0153|INFO|Microsoft.EntityFrameworkCore.Database.Command|Executed DbCommand (0ms) [Parameters=[], CommandType='Text', CommandTimeout='30']
PRAGMA foreign_keys=ON;
2018-03-01 17:07:35.0153|INFO|Microsoft.EntityFrameworkCore.Database.Command|Executed DbCommand (0ms) [Parameters=[], CommandType='Text', CommandTimeout='30']
PRAGMA foreign_keys=ON;
2018-03-01 17:07:35.0153|INFO|Microsoft.EntityFrameworkCore.Database.Command|Executed DbCommand (0ms) [Parameters=[], CommandType='Text', CommandTimeout='30']
SELECT COUNT(*) FROM "sqlite_master" WHERE "type" = 'table' AND "rootpage" IS NOT NULL;
2018-03-01 17:07:35.0153|INFO|Microsoft.AspNetCore.Mvc.Internal.ControllerActionInvoker|Executing action method PoliceTracker.Controllers.AccountController.Issue (PoliceTracker.API) with arguments (PoliceTracker.Models.UserCredentialDto) - ModelState is Valid
2018-03-01 17:07:35.0361|INFO|Microsoft.EntityFrameworkCore.Database.Command|Executed DbCommand (0ms) [Parameters=[], CommandType='Text', CommandTimeout='30']
PRAGMA foreign_keys=ON;
2018-03-01 17:07:35.0361|INFO|Microsoft.EntityFrameworkCore.Database.Command|Executed DbCommand (0ms) [Parameters=[@__normalizedUserName_0='?'], CommandType='Text', CommandTimeout='30']
SELECT "u"."Id", "u"."AccessFailedCount", "u"."ConcurrencyStamp", "u"."Discriminator", "u"."Email", "u"."EmailConfirmed", "u"."LockoutEnabled", "u"."LockoutEnd", "u"."NormalizedEmail", "u"."NormalizedUserName", "u"."PasswordHash", "u"."PhoneNumber", "u"."PhoneNumberConfirmed", "u"."SecurityStamp", "u"."TwoFactorEnabled", "u"."UserName", "u"."FirstName", "u"."Gender", "u"."LastName"
FROM "AspNetUsers" AS "u"
WHERE ("u"."Discriminator" = 'CustomUser') AND ("u"."NormalizedUserName" = @__normalizedUserName_0)
LIMIT 1
2018-03-01 17:07:35.0361|INFO|Microsoft.AspNetCore.Mvc.StatusCodeResult|Executing HttpStatusCodeResult, setting HTTP status code 404
2018-03-01 17:07:35.0455|INFO|Microsoft.AspNetCore.Mvc.Internal.ControllerActionInvoker|Executed action PoliceTracker.Controllers.AccountController.Issue (PoliceTracker.API) in 36.2676ms
2018-03-01 17:07:35.0455|INFO|Microsoft.AspNetCore.Hosting.Internal.WebHost|Request finished in 42.5893ms 404 
2018-03-01 17:07:35.7184|INFO|Microsoft.AspNetCore.Hosting.Internal.WebHost|Request starting HTTP/1.1 POST http://localhost:49870/api/auth/token application/json 62
2018-03-01 17:07:35.7184|INFO|Microsoft.EntityFrameworkCore.Infrastructure|Entity Framework Core 2.0.1-rtm-125 initialized 'PoliceTrackerContext' using provider 'Microsoft.EntityFrameworkCore.Sqlite' with options: None
2018-03-01 17:07:35.7388|INFO|Microsoft.EntityFrameworkCore.Database.Command|Executed DbCommand (0ms) [Parameters=[], CommandType='Text', CommandTimeout='30']
PRAGMA foreign_keys=ON;
2018-03-01 17:07:35.7388|INFO|Microsoft.EntityFrameworkCore.Database.Command|Executed DbCommand (0ms) [Parameters=[], CommandType='Text', CommandTimeout='30']
PRAGMA foreign_keys=ON;
2018-03-01 17:07:35.7388|INFO|Microsoft.EntityFrameworkCore.Database.Command|Executed DbCommand (0ms) [Parameters=[], CommandType='Text', CommandTimeout='30']
SELECT COUNT(*) FROM "sqlite_master" WHERE "type" = 'table' AND "rootpage" IS NOT NULL;
2018-03-01 17:07:35.7500|INFO|Microsoft.AspNetCore.Mvc.Internal.ControllerActionInvoker|Executing action method PoliceTracker.Controllers.AccountController.Issue (PoliceTracker.API) with arguments (PoliceTracker.Models.UserCredentialDto) - ModelState is Valid
2018-03-01 17:07:35.7500|INFO|Microsoft.EntityFrameworkCore.Database.Command|Executed DbCommand (0ms) [Parameters=[], CommandType='Text', CommandTimeout='30']
PRAGMA foreign_keys=ON;
2018-03-01 17:07:35.7500|INFO|Microsoft.EntityFrameworkCore.Database.Command|Executed DbCommand (0ms) [Parameters=[@__normalizedUserName_0='?'], CommandType='Text', CommandTimeout='30']
SELECT "u"."Id", "u"."AccessFailedCount", "u"."ConcurrencyStamp", "u"."Discriminator", "u"."Email", "u"."EmailConfirmed", "u"."LockoutEnabled", "u"."LockoutEnd", "u"."NormalizedEmail", "u"."NormalizedUserName", "u"."PasswordHash", "u"."PhoneNumber", "u"."PhoneNumberConfirmed", "u"."SecurityStamp", "u"."TwoFactorEnabled", "u"."UserName", "u"."FirstName", "u"."Gender", "u"."LastName"
FROM "AspNetUsers" AS "u"
WHERE ("u"."Discriminator" = 'CustomUser') AND ("u"."NormalizedUserName" = @__normalizedUserName_0)
LIMIT 1
2018-03-01 17:07:35.7500|INFO|Microsoft.AspNetCore.Mvc.StatusCodeResult|Executing HttpStatusCodeResult, setting HTTP status code 404
2018-03-01 17:07:35.7500|INFO|Microsoft.AspNetCore.Mvc.Internal.ControllerActionInvoker|Executed action PoliceTracker.Controllers.AccountController.Issue (PoliceTracker.API) in 32.9964ms
2018-03-01 17:07:35.7651|INFO|Microsoft.AspNetCore.Hosting.Internal.WebHost|Request finished in 46.5576ms 404 
2018-03-01 17:08:26.3785|INFO|Microsoft.AspNetCore.Hosting.Internal.WebHost|Request starting HTTP/1.1 POST http://localhost:49870/api/auth/token application/json 62
2018-03-01 17:08:26.3785|INFO|Microsoft.EntityFrameworkCore.Infrastructure|Entity Framework Core 2.0.1-rtm-125 initialized 'PoliceTrackerContext' using provider 'Microsoft.EntityFrameworkCore.Sqlite' with options: None
2018-03-01 17:08:26.3785|INFO|Microsoft.EntityFrameworkCore.Database.Command|Executed DbCommand (0ms) [Parameters=[], CommandType='Text', CommandTimeout='30']
PRAGMA foreign_keys=ON;
2018-03-01 17:08:26.3910|INFO|Microsoft.EntityFrameworkCore.Database.Command|Executed DbCommand (0ms) [Parameters=[], CommandType='Text', CommandTimeout='30']
PRAGMA foreign_keys=ON;
2018-03-01 17:08:26.3910|INFO|Microsoft.EntityFrameworkCore.Database.Command|Executed DbCommand (0ms) [Parameters=[], CommandType='Text', CommandTimeout='30']
SELECT COUNT(*) FROM "sqlite_master" WHERE "type" = 'table' AND "rootpage" IS NOT NULL;
2018-03-01 17:08:26.3910|INFO|Microsoft.AspNetCore.Mvc.Internal.ControllerActionInvoker|Executing action method PoliceTracker.Controllers.AccountController.Issue (PoliceTracker.API) with arguments (PoliceTracker.Models.UserCredentialDto) - ModelState is Valid
2018-03-01 17:08:26.3910|INFO|Microsoft.EntityFrameworkCore.Database.Command|Executed DbCommand (0ms) [Parameters=[], CommandType='Text', CommandTimeout='30']
PRAGMA foreign_keys=ON;
2018-03-01 17:08:26.3910|INFO|Microsoft.EntityFrameworkCore.Database.Command|Executed DbCommand (0ms) [Parameters=[@__normalizedUserName_0='?'], CommandType='Text', CommandTimeout='30']
SELECT "u"."Id", "u"."AccessFailedCount", "u"."ConcurrencyStamp", "u"."Discriminator", "u"."Email", "u"."EmailConfirmed", "u"."LockoutEnabled", "u"."LockoutEnd", "u"."NormalizedEmail", "u"."NormalizedUserName", "u"."PasswordHash", "u"."PhoneNumber", "u"."PhoneNumberConfirmed", "u"."SecurityStamp", "u"."TwoFactorEnabled", "u"."UserName", "u"."FirstName", "u"."Gender", "u"."LastName"
FROM "AspNetUsers" AS "u"
WHERE ("u"."Discriminator" = 'CustomUser') AND ("u"."NormalizedUserName" = @__normalizedUserName_0)
LIMIT 1
2018-03-01 17:08:26.4070|INFO|Microsoft.AspNetCore.Mvc.StatusCodeResult|Executing HttpStatusCodeResult, setting HTTP status code 404
2018-03-01 17:08:26.4413|INFO|Microsoft.AspNetCore.Mvc.Internal.ControllerActionInvoker|Executed action PoliceTracker.Controllers.AccountController.Issue (PoliceTracker.API) in 28.266ms
2018-03-01 17:08:26.4413|INFO|Microsoft.AspNetCore.Hosting.Internal.WebHost|Request finished in 65.65ms 404 
2018-03-01 23:31:43.2070|INFO|Microsoft.AspNetCore.Hosting.Internal.WebHost|Request starting HTTP/1.1 GET http://localhost:49870/  
2018-03-01 23:31:43.4392|INFO|Microsoft.AspNetCore.Hosting.Internal.WebHost|Request finished in 256.681ms 404 
2018-03-01 23:31:43.4714|INFO|Microsoft.AspNetCore.Hosting.Internal.WebHost|Request starting HTTP/1.1 GET http://localhost:49870/favicon.ico  
2018-03-01 23:31:43.4977|INFO|Microsoft.AspNetCore.Hosting.Internal.WebHost|Request finished in 5.6644ms 404 
2018-03-01 23:31:53.8661|INFO|Microsoft.AspNetCore.Hosting.Internal.WebHost|Request starting HTTP/1.1 POST http://localhost:49870/api/yelp/GetBusiness?lat=48.102329&lng=-98.865196&categories=healths application/json 62
2018-03-01 23:31:53.8849|INFO|Microsoft.AspNetCore.Hosting.Internal.WebHost|Request finished in 17.8053ms 404 
